mode: atomic
github.com/thereisnotime/warpgate-operator/internal/warpgate/bindings.go:7.62,9.16 2 2
github.com/thereisnotime/warpgate-operator/internal/warpgate/bindings.go:9.16,11.3 1 0
github.com/thereisnotime/warpgate-operator/internal/warpgate/bindings.go:12.2,13.28 2 2
github.com/thereisnotime/warpgate-operator/internal/warpgate/bindings.go:13.28,15.3 1 1
github.com/thereisnotime/warpgate-operator/internal/warpgate/bindings.go:16.2,16.12 1 1
github.com/thereisnotime/warpgate-operator/internal/warpgate/bindings.go:19.62,21.2 1 1
github.com/thereisnotime/warpgate-operator/internal/warpgate/bindings.go:23.63,25.78 2 2
github.com/thereisnotime/warpgate-operator/internal/warpgate/bindings.go:25.78,27.3 1 1
github.com/thereisnotime/warpgate-operator/internal/warpgate/bindings.go:28.2,28.19 1 1
github.com/thereisnotime/warpgate-operator/internal/warpgate/bindings.go:33.66,35.16 2 2
github.com/thereisnotime/warpgate-operator/internal/warpgate/bindings.go:35.16,37.3 1 0
github.com/thereisnotime/warpgate-operator/internal/warpgate/bindings.go:38.2,39.28 2 2
github.com/thereisnotime/warpgate-operator/internal/warpgate/bindings.go:39.28,41.3 1 1
github.com/thereisnotime/warpgate-operator/internal/warpgate/bindings.go:42.2,42.12 1 1
github.com/thereisnotime/warpgate-operator/internal/warpgate/bindings.go:45.66,47.2 1 1
github.com/thereisnotime/warpgate-operator/internal/warpgate/bindings.go:49.67,51.82 2 2
github.com/thereisnotime/warpgate-operator/internal/warpgate/bindings.go:51.82,53.3 1 1
github.com/thereisnotime/warpgate-operator/internal/warpgate/bindings.go:54.2,54.19 1 1
github.com/thereisnotime/warpgate-operator/internal/warpgate/client.go:28.35,30.2 1 1
github.com/thereisnotime/warpgate-operator/internal/warpgate/client.go:40.36,44.28 3 95
github.com/thereisnotime/warpgate-operator/internal/warpgate/client.go:44.28,48.3 1 1
github.com/thereisnotime/warpgate-operator/internal/warpgate/client.go:50.2,56.3 1 95
github.com/thereisnotime/warpgate-operator/internal/warpgate/client.go:59.83,63.17 3 93
github.com/thereisnotime/warpgate-operator/internal/warpgate/client.go:63.17,65.17 2 36
github.com/thereisnotime/warpgate-operator/internal/warpgate/client.go:65.17,67.4 1 0
github.com/thereisnotime/warpgate-operator/internal/warpgate/client.go:68.3,68.34 1 36
github.com/thereisnotime/warpgate-operator/internal/warpgate/client.go:71.2,72.16 2 93
github.com/thereisnotime/warpgate-operator/internal/warpgate/client.go:72.16,74.3 1 1
github.com/thereisnotime/warpgate-operator/internal/warpgate/client.go:76.2,81.16 5 92
github.com/thereisnotime/warpgate-operator/internal/warpgate/client.go:81.16,83.3 1 1
github.com/thereisnotime/warpgate-operator/internal/warpgate/client.go:85.2,85.18 1 91
github.com/thereisnotime/warpgate-operator/internal/warpgate/client.go:88.70,90.16 2 89
github.com/thereisnotime/warpgate-operator/internal/warpgate/client.go:90.16,92.3 1 2
github.com/thereisnotime/warpgate-operator/internal/warpgate/client.go:93.2,93.15 1 87
github.com/thereisnotime/warpgate-operator/internal/warpgate/client.go:93.15,93.40 1 87
github.com/thereisnotime/warpgate-operator/internal/warpgate/client.go:95.2,96.16 2 87
github.com/thereisnotime/warpgate-operator/internal/warpgate/client.go:96.16,98.3 1 0
github.com/thereisnotime/warpgate-operator/internal/warpgate/client.go:100.2,100.28 1 87
github.com/thereisnotime/warpgate-operator/internal/warpgate/client.go:100.28,105.3 1 28
github.com/thereisnotime/warpgate-operator/internal/warpgate/client.go:107.2,107.40 1 59
github.com/thereisnotime/warpgate-operator/internal/warpgate/client.go:107.40,108.58 1 43
github.com/thereisnotime/warpgate-operator/internal/warpgate/client.go:108.58,110.4 1 1
github.com/thereisnotime/warpgate-operator/internal/warpgate/client.go:113.2,113.12 1 58
github.com/thereisnotime/warpgate-operator/internal/warpgate/client.go:117.53,119.2 1 42
github.com/thereisnotime/warpgate-operator/internal/warpgate/client.go:122.64,124.2 1 22
github.com/thereisnotime/warpgate-operator/internal/warpgate/client.go:127.63,129.2 1 14
github.com/thereisnotime/warpgate-operator/internal/warpgate/client.go:132.44,134.2 1 11
github.com/thereisnotime/warpgate-operator/internal/warpgate/client.go:137.33,140.2 2 11
github.com/thereisnotime/warpgate-operator/internal/warpgate/credentials.go:12.97,14.135 2 2
github.com/thereisnotime/warpgate-operator/internal/warpgate/credentials.go:14.135,16.3 1 1
github.com/thereisnotime/warpgate-operator/internal/warpgate/credentials.go:17.2,17.19 1 1
github.com/thereisnotime/warpgate-operator/internal/warpgate/credentials.go:20.78,22.2 1 1
github.com/thereisnotime/warpgate-operator/internal/warpgate/credentials.go:39.121,41.101 2 2
github.com/thereisnotime/warpgate-operator/internal/warpgate/credentials.go:41.101,43.3 1 1
github.com/thereisnotime/warpgate-operator/internal/warpgate/credentials.go:44.2,44.19 1 1
github.com/thereisnotime/warpgate-operator/internal/warpgate/credentials.go:47.89,49.96 2 2
github.com/thereisnotime/warpgate-operator/internal/warpgate/credentials.go:49.96,51.3 1 1
github.com/thereisnotime/warpgate-operator/internal/warpgate/credentials.go:52.2,52.19 1 1
github.com/thereisnotime/warpgate-operator/internal/warpgate/credentials.go:55.135,57.117 2 2
github.com/thereisnotime/warpgate-operator/internal/warpgate/credentials.go:57.117,59.3 1 1
github.com/thereisnotime/warpgate-operator/internal/warpgate/credentials.go:60.2,60.19 1 1
github.com/thereisnotime/warpgate-operator/internal/warpgate/credentials.go:63.79,65.2 1 1
github.com/thereisnotime/warpgate-operator/internal/warpgate/credentials.go:80.103,82.93 2 2
github.com/thereisnotime/warpgate-operator/internal/warpgate/credentials.go:82.93,84.3 1 1
github.com/thereisnotime/warpgate-operator/internal/warpgate/credentials.go:85.2,85.19 1 1
github.com/thereisnotime/warpgate-operator/internal/warpgate/credentials.go:88.77,90.88 2 2
github.com/thereisnotime/warpgate-operator/internal/warpgate/credentials.go:90.88,92.3 1 1
github.com/thereisnotime/warpgate-operator/internal/warpgate/credentials.go:93.2,93.19 1 1
github.com/thereisnotime/warpgate-operator/internal/warpgate/credentials.go:96.117,98.109 2 2
github.com/thereisnotime/warpgate-operator/internal/warpgate/credentials.go:98.109,100.3 1 1
github.com/thereisnotime/warpgate-operator/internal/warpgate/credentials.go:101.2,101.19 1 1
github.com/thereisnotime/warpgate-operator/internal/warpgate/credentials.go:104.73,106.2 1 1
github.com/thereisnotime/warpgate-operator/internal/warpgate/parameters.go:12.55,14.54 2 2
github.com/thereisnotime/warpgate-operator/internal/warpgate/parameters.go:14.54,16.3 1 1
github.com/thereisnotime/warpgate-operator/internal/warpgate/parameters.go:17.2,17.21 1 1
github.com/thereisnotime/warpgate-operator/internal/warpgate/parameters.go:20.60,23.2 1 1
github.com/thereisnotime/warpgate-operator/internal/warpgate/role.go:16.67,18.53 2 2
github.com/thereisnotime/warpgate-operator/internal/warpgate/role.go:18.53,20.3 1 1
github.com/thereisnotime/warpgate-operator/internal/warpgate/role.go:21.2,21.19 1 1
github.com/thereisnotime/warpgate-operator/internal/warpgate/role.go:24.52,26.66 2 2
github.com/thereisnotime/warpgate-operator/internal/warpgate/role.go:26.66,28.3 1 1
github.com/thereisnotime/warpgate-operator/internal/warpgate/role.go:29.2,29.19 1 1
github.com/thereisnotime/warpgate-operator/internal/warpgate/role.go:32.60,34.16 2 2
github.com/thereisnotime/warpgate-operator/internal/warpgate/role.go:34.16,36.3 1 0
github.com/thereisnotime/warpgate-operator/internal/warpgate/role.go:37.2,37.26 1 2
github.com/thereisnotime/warpgate-operator/internal/warpgate/role.go:37.26,38.21 1 4
github.com/thereisnotime/warpgate-operator/internal/warpgate/role.go:38.21,40.4 1 1
github.com/thereisnotime/warpgate-operator/internal/warpgate/role.go:42.2,42.86 1 1
github.com/thereisnotime/warpgate-operator/internal/warpgate/role.go:45.78,47.71 2 2
github.com/thereisnotime/warpgate-operator/internal/warpgate/role.go:47.71,49.3 1 1
github.com/thereisnotime/warpgate-operator/internal/warpgate/role.go:50.2,50.19 1 1
github.com/thereisnotime/warpgate-operator/internal/warpgate/role.go:53.46,55.2 1 1
github.com/thereisnotime/warpgate-operator/internal/warpgate/role.go:57.59,59.18 2 5
github.com/thereisnotime/warpgate-operator/internal/warpgate/role.go:59.18,61.3 1 3
github.com/thereisnotime/warpgate-operator/internal/warpgate/role.go:62.2,63.44 2 5
github.com/thereisnotime/warpgate-operator/internal/warpgate/role.go:63.44,65.3 1 1
github.com/thereisnotime/warpgate-operator/internal/warpgate/role.go:66.2,66.19 1 4
github.com/thereisnotime/warpgate-operator/internal/warpgate/ssh_keys.go:8.52,10.54 2 1
github.com/thereisnotime/warpgate-operator/internal/warpgate/ssh_keys.go:10.54,12.3 1 0
github.com/thereisnotime/warpgate-operator/internal/warpgate/ssh_keys.go:13.2,13.18 1 1
github.com/thereisnotime/warpgate-operator/internal/warpgate/target.go:92.56,94.16 2 11
github.com/thereisnotime/warpgate-operator/internal/warpgate/target.go:94.16,96.3 1 1
github.com/thereisnotime/warpgate-operator/internal/warpgate/target.go:97.2,97.18 1 10
github.com/thereisnotime/warpgate-operator/internal/warpgate/target.go:101.60,105.48 2 6
github.com/thereisnotime/warpgate-operator/internal/warpgate/target.go:105.48,107.3 1 1
github.com/thereisnotime/warpgate-operator/internal/warpgate/target.go:108.2,108.20 1 5
github.com/thereisnotime/warpgate-operator/internal/warpgate/target.go:111.67,113.57 2 6
github.com/thereisnotime/warpgate-operator/internal/warpgate/target.go:113.57,115.3 1 1
github.com/thereisnotime/warpgate-operator/internal/warpgate/target.go:116.2,116.21 1 5
github.com/thereisnotime/warpgate-operator/internal/warpgate/target.go:119.56,121.71 2 2
github.com/thereisnotime/warpgate-operator/internal/warpgate/target.go:121.71,123.3 1 1
github.com/thereisnotime/warpgate-operator/internal/warpgate/target.go:124.2,124.21 1 1
github.com/thereisnotime/warpgate-operator/internal/warpgate/target.go:127.64,129.16 2 2
github.com/thereisnotime/warpgate-operator/internal/warpgate/target.go:129.16,131.3 1 0
github.com/thereisnotime/warpgate-operator/internal/warpgate/target.go:132.2,132.28 1 2
github.com/thereisnotime/warpgate-operator/internal/warpgate/target.go:132.28,133.21 1 2
github.com/thereisnotime/warpgate-operator/internal/warpgate/target.go:133.21,135.4 1 1
github.com/thereisnotime/warpgate-operator/internal/warpgate/target.go:137.2,137.88 1 1
github.com/thereisnotime/warpgate-operator/internal/warpgate/target.go:140.78,142.76 2 2
github.com/thereisnotime/warpgate-operator/internal/warpgate/target.go:142.76,144.3 1 1
github.com/thereisnotime/warpgate-operator/internal/warpgate/target.go:145.2,145.21 1 1
github.com/thereisnotime/warpgate-operator/internal/warpgate/target.go:148.48,150.2 1 1
github.com/thereisnotime/warpgate-operator/internal/warpgate/target.go:152.63,154.18 2 5
github.com/thereisnotime/warpgate-operator/internal/warpgate/target.go:154.18,156.3 1 3
github.com/thereisnotime/warpgate-operator/internal/warpgate/target.go:157.2,158.46 2 5
github.com/thereisnotime/warpgate-operator/internal/warpgate/target.go:158.46,160.3 1 1
github.com/thereisnotime/warpgate-operator/internal/warpgate/target.go:161.2,161.21 1 4
github.com/thereisnotime/warpgate-operator/internal/warpgate/target_group.go:18.82,20.59 2 2
github.com/thereisnotime/warpgate-operator/internal/warpgate/target_group.go:20.59,22.3 1 1
github.com/thereisnotime/warpgate-operator/internal/warpgate/target_group.go:23.2,23.17 1 1
github.com/thereisnotime/warpgate-operator/internal/warpgate/target_group.go:26.66,28.73 2 2
github.com/thereisnotime/warpgate-operator/internal/warpgate/target_group.go:28.73,30.3 1 1
github.com/thereisnotime/warpgate-operator/internal/warpgate/target_group.go:31.2,31.17 1 1
github.com/thereisnotime/warpgate-operator/internal/warpgate/target_group.go:34.93,36.78 2 2
github.com/thereisnotime/warpgate-operator/internal/warpgate/target_group.go:36.78,38.3 1 1
github.com/thereisnotime/warpgate-operator/internal/warpgate/target_group.go:39.2,39.17 1 1
github.com/thereisnotime/warpgate-operator/internal/warpgate/target_group.go:42.53,44.2 1 1
github.com/thereisnotime/warpgate-operator/internal/warpgate/ticket.go:28.82,30.57 2 2
github.com/thereisnotime/warpgate-operator/internal/warpgate/ticket.go:30.57,32.3 1 1
github.com/thereisnotime/warpgate-operator/internal/warpgate/ticket.go:33.2,33.21 1 1
github.com/thereisnotime/warpgate-operator/internal/warpgate/ticket.go:36.48,38.2 1 1
github.com/thereisnotime/warpgate-operator/internal/warpgate/user.go:30.67,32.53 2 2
github.com/thereisnotime/warpgate-operator/internal/warpgate/user.go:32.53,34.3 1 1
github.com/thereisnotime/warpgate-operator/internal/warpgate/user.go:35.2,35.19 1 1
github.com/thereisnotime/warpgate-operator/internal/warpgate/user.go:38.52,40.67 2 2
github.com/thereisnotime/warpgate-operator/internal/warpgate/user.go:40.67,42.3 1 1
github.com/thereisnotime/warpgate-operator/internal/warpgate/user.go:43.2,43.19 1 1
github.com/thereisnotime/warpgate-operator/internal/warpgate/user.go:46.68,48.16 2 2
github.com/thereisnotime/warpgate-operator/internal/warpgate/user.go:48.16,50.3 1 0
github.com/thereisnotime/warpgate-operator/internal/warpgate/user.go:51.2,51.26 1 2
github.com/thereisnotime/warpgate-operator/internal/warpgate/user.go:51.26,52.29 1 2
github.com/thereisnotime/warpgate-operator/internal/warpgate/user.go:52.29,54.4 1 1
github.com/thereisnotime/warpgate-operator/internal/warpgate/user.go:56.2,56.90 1 1
github.com/thereisnotime/warpgate-operator/internal/warpgate/user.go:59.78,61.72 2 2
github.com/thereisnotime/warpgate-operator/internal/warpgate/user.go:61.72,63.3 1 1
github.com/thereisnotime/warpgate-operator/internal/warpgate/user.go:64.2,64.19 1 1
github.com/thereisnotime/warpgate-operator/internal/warpgate/user.go:67.46,69.2 1 1
github.com/thereisnotime/warpgate-operator/internal/warpgate/user.go:71.59,73.18 2 5
github.com/thereisnotime/warpgate-operator/internal/warpgate/user.go:73.18,75.3 1 3
github.com/thereisnotime/warpgate-operator/internal/warpgate/user.go:76.2,77.44 2 5
github.com/thereisnotime/warpgate-operator/internal/warpgate/user.go:77.44,79.3 1 1
github.com/thereisnotime/warpgate-operator/internal/warpgate/user.go:80.2,80.19 1 4
