mode: atomic
github.com/thereisnotime/warpgate-operator/internal/warpgate/bindings.go:7.62,9.16 2 2
github.com/thereisnotime/warpgate-operator/internal/warpgate/bindings.go:9.16,11.3 1 0
github.com/thereisnotime/warpgate-operator/internal/warpgate/bindings.go:12.2,13.28 2 2
github.com/thereisnotime/warpgate-operator/internal/warpgate/bindings.go:13.28,15.3 1 1
github.com/thereisnotime/warpgate-operator/internal/warpgate/bindings.go:16.2,16.12 1 1
github.com/thereisnotime/warpgate-operator/internal/warpgate/bindings.go:19.62,21.2 1 1
github.com/thereisnotime/warpgate-operator/internal/warpgate/bindings.go:23.63,25.78 2 2
github.com/thereisnotime/warpgate-operator/internal/warpgate/bindings.go:25.78,27.3 1 1
github.com/thereisnotime/warpgate-operator/internal/warpgate/bindings.go:28.2,28.19 1 1
github.com/thereisnotime/warpgate-operator/internal/warpgate/bindings.go:33.66,35.16 2 2
github.com/thereisnotime/warpgate-operator/internal/warpgate/bindings.go:35.16,37.3 1 0
github.com/thereisnotime/warpgate-operator/internal/warpgate/bindings.go:38.2,39.28 2 2
github.com/thereisnotime/warpgate-operator/internal/warpgate/bindings.go:39.28,41.3 1 1
github.com/thereisnotime/warpgate-operator/internal/warpgate/bindings.go:42.2,42.12 1 1
github.com/thereisnotime/warpgate-operator/internal/warpgate/bindings.go:45.66,47.2 1 1
github.com/thereisnotime/warpgate-operator/internal/warpgate/bindings.go:49.67,51.82 2 2
github.com/thereisnotime/warpgate-operator/internal/warpgate/bindings.go:51.82,53.3 1 1
github.com/thereisnotime/warpgate-operator/internal/warpgate/bindings.go:54.2,54.19 1 1
github.com/thereisnotime/warpgate-operator/internal/warpgate/client.go:28.35,30.2 1 1
github.com/thereisnotime/warpgate-operator/internal/warpgate/client.go:40.36,44.28 3 95
github.com/thereisnotime/warpgate-operator/internal/warpgate/client.go:44.28,48.3 1 1
github.com/thereisnotime/warpgate-operator/internal/warpgate/client.go:50.2,56.3 1 95
github.com/thereisnotime/warpgate-operator/internal/warpgate/client.go:59.83,63.17 3 93
github.com/thereisnotime/warpgate-operator/internal/warpgate/client.go:63.17,65.17 2 36
github.com/thereisnotime/warpgate-operator/internal/warpgate/client.go:65.17,67.4 1 0
github.com/thereisnotime/warpgate-operator/internal/warpgate/client.go:68.3,68.34 1 36
github.com/thereisnotime/warpgate-operator/internal/warpgate/client.go:71.2,72.16 2 93
github.com/thereisnotime/warpgate-operator/internal/warpgate/client.go:72.16,74.3 1 1
github.com/thereisnotime/warpgate-operator/internal/warpgate/client.go:76.2,81.16 5 92
github.com/thereisnotime/warpgate-operator/internal/warpgate/client.go:81.16,83.3 1 1
github.com/thereisnotime/warpgate-operator/internal/warpgate/client.go:85.2,85.18 1 91
github.com/thereisnotime/warpgate-operator/internal/warpgate/client.go:88.70,90.16 2 89
github.com/thereisnotime/warpgate-operator/internal/warpgate/client.go:90.16,92.3 1 2
github.com/thereisnotime/warpgate-operator/internal/warpgate/client.go:93.2,93.15 1 87
github.com/thereisnotime/warpgate-operator/internal/warpgate/client.go:93.15,93.40 1 87
github.com/thereisnotime/warpgate-operator/internal/warpgate/client.go:95.2,96.16 2 87
github.com/thereisnotime/warpgate-operator/internal/warpgate/client.go:96.16,98.3 1 0
github.com/thereisnotime/warpgate-operator/internal/warpgate/client.go:100.2,100.28 1 87
github.com/thereisnotime/warpgate-operator/internal/warpgate/client.go:100.28,105.3 1 28
github.com/thereisnotime/warpgate-operator/internal/warpgate/client.go:107.2,107.40 1 59
github.com/thereisnotime/warpgate-operator/internal/warpgate/client.go:107.40,108.58 1 43
github.com/thereisnotime/warpgate-operator/internal/warpgate/client.go:108.58,110.4 1 1
github.com/thereisnotime/warpgate-operator/internal/warpgate/client.go:113.2,113.12 1 58
github.com/thereisnotime/warpgate-operator/internal/warpgate/client.go:117.53,119.2 1 42
github.com/thereisnotime/warpgate-operator/internal/warpgate/client.go:122.64,124.2 1 22
github.com/thereisnotime/warpgate-operator/internal/warpgate/client.go:127.63,129.2 1 14
github.com/thereisnotime/warpgate-operator/internal/warpgate/client.go:132.44,134.2 1 11
github.com/thereisnotime/warpgate-operator/internal/warpgate/client.go:137.33,140.2 2 11
github.com/thereisnotime/warpgate-operator/internal/warpgate/credentials.go:12.97,14.135 2 2
github.com/thereisnotime/warpgate-operator/internal/warpgate/credentials.go:14.135,16.3 1 1
github.com/thereisnotime/warpgate-operator/internal/warpgate/credentials.go:17.2,17.19 1 1
github.com/thereisnotime/warpgate-operator/internal/warpgate/credentials.go:20.78,22.2 1 1
github.com/thereisnotime/warpgate-operator/internal/warpgate/credentials.go:39.121,41.101 2 2
github.com/thereisnotime/warpgate-operator/internal/warpgate/credentials.go:41.101,43.3 1 1
github.com/thereisnotime/warpgate-operator/internal/warpgate/credentials.go:44.2,44.19 1 1
github.com/thereisnotime/warpgate-operator/internal/warpgate/credentials.go:47.89,49.96 2 2
github.com/thereisnotime/warpgate-operator/internal/warpgate/credentials.go:49.96,51.3 1 1
github.com/thereisnotime/warpgate-operator/internal/warpgate/credentials.go:52.2,52.19 1 1
github.com/thereisnotime/warpgate-operator/internal/warpgate/credentials.go:55.135,57.117 2 2
github.com/thereisnotime/warpgate-operator/internal/warpgate/credentials.go:57.117,59.3 1 1
github.com/thereisnotime/warpgate-operator/internal/warpgate/credentials.go:60.2,60.19 1 1
github.com/thereisnotime/warpgate-operator/internal/warpgate/credentials.go:63.79,65.2 1 1
github.com/thereisnotime/warpgate-operator/internal/warpgate/credentials.go:80.103,82.93 2 2
github.com/thereisnotime/warpgate-operator/internal/warpgate/credentials.go:82.93,84.3 1 1
github.com/thereisnotime/warpgate-operator/internal/warpgate/credentials.go:85.2,85.19 1 1
github.com/thereisnotime/warpgate-operator/internal/warpgate/credentials.go:88.77,90.88 2 2
github.com/thereisnotime/warpgate-operator/internal/warpgate/credentials.go:90.88,92.3 1 1
github.com/thereisnotime/warpgate-operator/internal/warpgate/credentials.go:93.2,93.19 1 1
github.com/thereisnotime/warpgate-operator/internal/warpgate/credentials.go:96.117,98.109 2 2
github.com/thereisnotime/warpgate-operator/internal/warpgate/credentials.go:98.109,100.3 1 1
github.com/thereisnotime/warpgate-operator/internal/warpgate/credentials.go:101.2,101.19 1 1
github.com/thereisnotime/warpgate-operator/internal/warpgate/credentials.go:104.73,106.2 1 1
github.com/thereisnotime/warpgate-operator/internal/warpgate/parameters.go:12.55,14.54 2 2
github.com/thereisnotime/warpgate-operator/internal/warpgate/parameters.go:14.54,16.3 1 1
github.com/thereisnotime/warpgate-operator/internal/warpgate/parameters.go:17.2,17.21 1 1
github.com/thereisnotime/warpgate-operator/internal/warpgate/parameters.go:20.60,23.2 1 1
github.com/thereisnotime/warpgate-operator/internal/warpgate/role.go:16.67,18.53 2 2
github.com/thereisnotime/warpgate-operator/internal/warpgate/role.go:18.53,20.3 1 1
github.com/thereisnotime/warpgate-operator/internal/warpgate/role.go:21.2,21.19 1 1
github.com/thereisnotime/warpgate-operator/internal/warpgate/role.go:24.52,26.66 2 2
github.com/thereisnotime/warpgate-operator/internal/warpgate/role.go:26.66,28.3 1 1
github.com/thereisnotime/warpgate-operator/internal/warpgate/role.go:29.2,29.19 1 1
github.com/thereisnotime/warpgate-operator/internal/warpgate/role.go:32.60,34.16 2 2
github.com/thereisnotime/warpgate-operator/internal/warpgate/role.go:34.16,36.3 1 0
github.com/thereisnotime/warpgate-operator/internal/warpgate/role.go:37.2,37.26 1 2
github.com/thereisnotime/warpgate-operator/internal/warpgate/role.go:37.26,38.21 1 4
github.com/thereisnotime/warpgate-operator/internal/warpgate/role.go:38.21,40.4 1 1
github.com/thereisnotime/warpgate-operator/internal/warpgate/role.go:42.2,42.86 1 1
github.com/thereisnotime/warpgate-operator/internal/warpgate/role.go:45.78,47.71 2 2
github.com/thereisnotime/warpgate-operator/internal/warpgate/role.go:47.71,49.3 1 1
github.com/thereisnotime/warpgate-operator/internal/warpgate/role.go:50.2,50.19 1 1
github.com/thereisnotime/warpgate-operator/internal/warpgate/role.go:53.46,55.2 1 1
github.com/thereisnotime/warpgate-operator/internal/warpgate/role.go:57.59,59.18 2 5
github.com/thereisnotime/warpgate-operator/internal/warpgate/role.go:59.18,61.3 1 3
github.com/thereisnotime/warpgate-operator/internal/warpgate/role.go:62.2,63.44 2 5
github.com/thereisnotime/warpgate-operator/internal/warpgate/role.go:63.44,65.3 1 1
github.com/thereisnotime/warpgate-operator/internal/warpgate/role.go:66.2,66.19 1 4
github.com/thereisnotime/warpgate-operator/internal/warpgate/ssh_keys.go:8.52,10.54 2 1
github.com/thereisnotime/warpgate-operator/internal/warpgate/ssh_keys.go:10.54,12.3 1 0
github.com/thereisnotime/warpgate-operator/internal/warpgate/ssh_keys.go:13.2,13.18 1 1
github.com/thereisnotime/warpgate-operator/internal/warpgate/target.go:92.56,94.16 2 11
github.com/thereisnotime/warpgate-operator/internal/warpgate/target.go:94.16,96.3 1 1
github.com/thereisnotime/warpgate-operator/internal/warpgate/target.go:97.2,97.18 1 10
github.com/thereisnotime/warpgate-operator/internal/warpgate/target.go:101.60,105.48 2 6
github.com/thereisnotime/warpgate-operator/internal/warpgate/target.go:105.48,107.3 1 1
github.com/thereisnotime/warpgate-operator/internal/warpgate/target.go:108.2,108.20 1 5
github.com/thereisnotime/warpgate-operator/internal/warpgate/target.go:111.67,113.57 2 6
github.com/thereisnotime/warpgate-operator/internal/warpgate/target.go:113.57,115.3 1 1
github.com/thereisnotime/warpgate-operator/internal/warpgate/target.go:116.2,116.21 1 5
github.com/thereisnotime/warpgate-operator/internal/warpgate/target.go:119.56,121.71 2 2
github.com/thereisnotime/warpgate-operator/internal/warpgate/target.go:121.71,123.3 1 1
github.com/thereisnotime/warpgate-operator/internal/warpgate/target.go:124.2,124.21 1 1
github.com/thereisnotime/warpgate-operator/internal/warpgate/target.go:127.64,129.16 2 2
github.com/thereisnotime/warpgate-operator/internal/warpgate/target.go:129.16,131.3 1 0
github.com/thereisnotime/warpgate-operator/internal/warpgate/target.go:132.2,132.28 1 2
github.com/thereisnotime/warpgate-operator/internal/warpgate/target.go:132.28,133.21 1 2
github.com/thereisnotime/warpgate-operator/internal/warpgate/target.go:133.21,135.4 1 1
github.com/thereisnotime/warpgate-operator/internal/warpgate/target.go:137.2,137.88 1 1
github.com/thereisnotime/warpgate-operator/internal/warpgate/target.go:140.78,142.76 2 2
github.com/thereisnotime/warpgate-operator/internal/warpgate/target.go:142.76,144.3 1 1
github.com/thereisnotime/warpgate-operator/internal/warpgate/target.go:145.2,145.21 1 1
github.com/thereisnotime/warpgate-operator/internal/warpgate/target.go:148.48,150.2 1 1
github.com/thereisnotime/warpgate-operator/internal/warpgate/target.go:152.63,154.18 2 5
github.com/thereisnotime/warpgate-operator/internal/warpgate/target.go:154.18,156.3 1 3
github.com/thereisnotime/warpgate-operator/internal/warpgate/target.go:157.2,158.46 2 5
github.com/thereisnotime/warpgate-operator/internal/warpgate/target.go:158.46,160.3 1 1
github.com/thereisnotime/warpgate-operator/internal/warpgate/target.go:161.2,161.21 1 4
github.com/thereisnotime/warpgate-operator/internal/warpgate/target_group.go:18.82,20.59 2 2
github.com/thereisnotime/warpgate-operator/internal/warpgate/target_group.go:20.59,22.3 1 1
github.com/thereisnotime/warpgate-operator/internal/warpgate/target_group.go:23.2,23.17 1 1
github.com/thereisnotime/warpgate-operator/internal/warpgate/target_group.go:26.66,28.73 2 2
github.com/thereisnotime/warpgate-operator/internal/warpgate/target_group.go:28.73,30.3 1 1
github.com/thereisnotime/warpgate-operator/internal/warpgate/target_group.go:31.2,31.17 1 1
github.com/thereisnotime/warpgate-operator/internal/warpgate/target_group.go:34.93,36.78 2 2
github.com/thereisnotime/warpgate-operator/internal/warpgate/target_group.go:36.78,38.3 1 1
github.com/thereisnotime/warpgate-operator/internal/warpgate/target_group.go:39.2,39.17 1 1
github.com/thereisnotime/warpgate-operator/internal/warpgate/target_group.go:42.53,44.2 1 1
github.com/thereisnotime/warpgate-operator/internal/warpgate/ticket.go:28.82,30.57 2 2
github.com/thereisnotime/warpgate-operator/internal/warpgate/ticket.go:30.57,32.3 1 1
github.com/thereisnotime/warpgate-operator/internal/warpgate/ticket.go:33.2,33.21 1 1
github.com/thereisnotime/warpgate-operator/internal/warpgate/ticket.go:36.48,38.2 1 1
github.com/thereisnotime/warpgate-operator/internal/warpgate/user.go:30.67,32.53 2 2
github.com/thereisnotime/warpgate-operator/internal/warpgate/user.go:32.53,34.3 1 1
github.com/thereisnotime/warpgate-operator/internal/warpgate/user.go:35.2,35.19 1 1
github.com/thereisnotime/warpgate-operator/internal/warpgate/user.go:38.52,40.67 2 2
github.com/thereisnotime/warpgate-operator/internal/warpgate/user.go:40.67,42.3 1 1
github.com/thereisnotime/warpgate-operator/internal/warpgate/user.go:43.2,43.19 1 1
github.com/thereisnotime/warpgate-operator/internal/warpgate/user.go:46.68,48.16 2 2
github.com/thereisnotime/warpgate-operator/internal/warpgate/user.go:48.16,50.3 1 0
github.com/thereisnotime/warpgate-operator/internal/warpgate/user.go:51.2,51.26 1 2
github.com/thereisnotime/warpgate-operator/internal/warpgate/user.go:51.26,52.29 1 2
github.com/thereisnotime/warpgate-operator/internal/warpgate/user.go:52.29,54.4 1 1
github.com/thereisnotime/warpgate-operator/internal/warpgate/user.go:56.2,56.90 1 1
github.com/thereisnotime/warpgate-operator/internal/warpgate/user.go:59.78,61.72 2 2
github.com/thereisnotime/warpgate-operator/internal/warpgate/user.go:61.72,63.3 1 1
github.com/thereisnotime/warpgate-operator/internal/warpgate/user.go:64.2,64.19 1 1
github.com/thereisnotime/warpgate-operator/internal/warpgate/user.go:67.46,69.2 1 1
github.com/thereisnotime/warpgate-operator/internal/warpgate/user.go:71.59,73.18 2 5
github.com/thereisnotime/warpgate-operator/internal/warpgate/user.go:73.18,75.3 1 3
github.com/thereisnotime/warpgate-operator/internal/warpgate/user.go:76.2,77.44 2 5
github.com/thereisnotime/warpgate-operator/internal/warpgate/user.go:77.44,79.3 1 1
github.com/thereisnotime/warpgate-operator/internal/warpgate/user.go:80.2,80.19 1 4
github.com/thereisnotime/warpgate-operator/internal/controller/helpers.go:33.122,35.108 2 91
github.com/thereisnotime/warpgate-operator/internal/controller/helpers.go:35.108,37.3 1 4
github.com/thereisnotime/warpgate-operator/internal/controller/helpers.go:39.2,43.26 2 87
github.com/thereisnotime/warpgate-operator/internal/controller/helpers.go:43.26,45.3 1 1
github.com/thereisnotime/warpgate-operator/internal/controller/helpers.go:47.2,48.15 2 86
github.com/thereisnotime/warpgate-operator/internal/controller/helpers.go:48.15,50.3 1 1
github.com/thereisnotime/warpgate-operator/internal/controller/helpers.go:52.2,53.9 2 86
github.com/thereisnotime/warpgate-operator/internal/controller/helpers.go:53.9,55.3 1 1
github.com/thereisnotime/warpgate-operator/internal/controller/helpers.go:57.2,61.9 1 85
github.com/thereisnotime/warpgate-operator/internal/controller/warpgateconnection_controller.go:53.110,58.62 3 8
github.com/thereisnotime/warpgate-operator/internal/controller/warpgateconnection_controller.go:58.62,60.3 1 1
github.com/thereisnotime/warpgate-operator/internal/controller/warpgateconnection_controller.go:63.2,63.38 1 7
github.com/thereisnotime/warpgate-operator/internal/controller/warpgateconnection_controller.go:63.38,64.65 1 1
github.com/thereisnotime/warpgate-operator/internal/controller/warpgateconnection_controller.go:64.65,66.47 2 1
github.com/thereisnotime/warpgate-operator/internal/controller/warpgateconnection_controller.go:66.47,68.5 1 0
github.com/thereisnotime/warpgate-operator/internal/controller/warpgateconnection_controller.go:70.3,70.28 1 1
github.com/thereisnotime/warpgate-operator/internal/controller/warpgateconnection_controller.go:74.2,74.65 1 6
github.com/thereisnotime/warpgate-operator/internal/controller/warpgateconnection_controller.go:74.65,76.46 2 6
github.com/thereisnotime/warpgate-operator/internal/controller/warpgateconnection_controller.go:76.46,78.4 1 0
github.com/thereisnotime/warpgate-operator/internal/controller/warpgateconnection_controller.go:82.2,83.16 2 6
github.com/thereisnotime/warpgate-operator/internal/controller/warpgateconnection_controller.go:83.16,86.67 3 2
github.com/thereisnotime/warpgate-operator/internal/controller/warpgateconnection_controller.go:86.67,89.4 2 0
github.com/thereisnotime/warpgate-operator/internal/controller/warpgateconnection_controller.go:90.3,90.57 1 2
github.com/thereisnotime/warpgate-operator/internal/controller/warpgateconnection_controller.go:94.2,94.50 1 4
github.com/thereisnotime/warpgate-operator/internal/controller/warpgateconnection_controller.go:94.50,97.67 3 1
github.com/thereisnotime/warpgate-operator/internal/controller/warpgateconnection_controller.go:97.67,100.4 2 0
github.com/thereisnotime/warpgate-operator/internal/controller/warpgateconnection_controller.go:101.3,101.57 1 1
github.com/thereisnotime/warpgate-operator/internal/controller/warpgateconnection_controller.go:105.2,107.54 3 3
github.com/thereisnotime/warpgate-operator/internal/controller/warpgateconnection_controller.go:107.54,110.3 2 0
github.com/thereisnotime/warpgate-operator/internal/controller/warpgateconnection_controller.go:112.2,112.56 1 3
github.com/thereisnotime/warpgate-operator/internal/controller/warpgateconnection_controller.go:116.142,121.26 2 6
github.com/thereisnotime/warpgate-operator/internal/controller/warpgateconnection_controller.go:121.26,123.3 1 1
github.com/thereisnotime/warpgate-operator/internal/controller/warpgateconnection_controller.go:125.2,126.15 2 5
github.com/thereisnotime/warpgate-operator/internal/controller/warpgateconnection_controller.go:126.15,128.3 1 1
github.com/thereisnotime/warpgate-operator/internal/controller/warpgateconnection_controller.go:130.2,131.9 2 5
github.com/thereisnotime/warpgate-operator/internal/controller/warpgateconnection_controller.go:131.9,133.3 1 1
github.com/thereisnotime/warpgate-operator/internal/controller/warpgateconnection_controller.go:135.2,139.9 1 4
github.com/thereisnotime/warpgate-operator/internal/controller/warpgateconnection_controller.go:143.156,151.2 1 6
github.com/thereisnotime/warpgate-operator/internal/controller/warpgateconnection_controller.go:154.81,159.2 1 0
github.com/thereisnotime/warpgate-operator/internal/controller/warpgatepasswordcredential_controller.go:52.118,57.62 3 7
github.com/thereisnotime/warpgate-operator/internal/controller/warpgatepasswordcredential_controller.go:57.62,59.3 1 1
github.com/thereisnotime/warpgate-operator/internal/controller/warpgatepasswordcredential_controller.go:62.2,63.16 2 6
github.com/thereisnotime/warpgate-operator/internal/controller/warpgatepasswordcredential_controller.go:63.16,74.3 4 0
github.com/thereisnotime/warpgate-operator/internal/controller/warpgatepasswordcredential_controller.go:77.2,77.38 1 6
github.com/thereisnotime/warpgate-operator/internal/controller/warpgatepasswordcredential_controller.go:77.38,78.75 1 1
github.com/thereisnotime/warpgate-operator/internal/controller/warpgatepasswordcredential_controller.go:78.75,79.66 1 1
github.com/thereisnotime/warpgate-operator/internal/controller/warpgatepasswordcredential_controller.go:79.66,80.136 1 1
github.com/thereisnotime/warpgate-operator/internal/controller/warpgatepasswordcredential_controller.go:80.136,83.6 2 0
github.com/thereisnotime/warpgate-operator/internal/controller/warpgatepasswordcredential_controller.go:84.5,84.98 1 1
github.com/thereisnotime/warpgate-operator/internal/controller/warpgatepasswordcredential_controller.go:86.4,87.47 2 1
github.com/thereisnotime/warpgate-operator/internal/controller/warpgatepasswordcredential_controller.go:87.47,89.5 1 0
github.com/thereisnotime/warpgate-operator/internal/controller/warpgatepasswordcredential_controller.go:91.3,91.28 1 1
github.com/thereisnotime/warpgate-operator/internal/controller/warpgatepasswordcredential_controller.go:95.2,95.75 1 5
github.com/thereisnotime/warpgate-operator/internal/controller/warpgatepasswordcredential_controller.go:95.75,97.46 2 5
github.com/thereisnotime/warpgate-operator/internal/controller/warpgatepasswordcredential_controller.go:97.46,99.4 1 0
github.com/thereisnotime/warpgate-operator/internal/controller/warpgatepasswordcredential_controller.go:103.2,104.16 2 5
github.com/thereisnotime/warpgate-operator/internal/controller/warpgatepasswordcredential_controller.go:104.16,115.3 4 1
github.com/thereisnotime/warpgate-operator/internal/controller/warpgatepasswordcredential_controller.go:116.2,123.26 3 4
github.com/thereisnotime/warpgate-operator/internal/controller/warpgatepasswordcredential_controller.go:123.26,134.3 4 1
github.com/thereisnotime/warpgate-operator/internal/controller/warpgatepasswordcredential_controller.go:136.2,137.15 2 3
github.com/thereisnotime/warpgate-operator/internal/controller/warpgatepasswordcredential_controller.go:137.15,139.3 1 0
github.com/thereisnotime/warpgate-operator/internal/controller/warpgatepasswordcredential_controller.go:140.2,141.9 2 3
github.com/thereisnotime/warpgate-operator/internal/controller/warpgatepasswordcredential_controller.go:141.9,153.3 5 1
github.com/thereisnotime/warpgate-operator/internal/controller/warpgatepasswordcredential_controller.go:156.2,156.36 1 2
github.com/thereisnotime/warpgate-operator/internal/controller/warpgatepasswordcredential_controller.go:156.36,158.17 2 2
github.com/thereisnotime/warpgate-operator/internal/controller/warpgatepasswordcredential_controller.go:158.17,169.4 4 0
github.com/thereisnotime/warpgate-operator/internal/controller/warpgatepasswordcredential_controller.go:170.3,171.82 2 2
github.com/thereisnotime/warpgate-operator/internal/controller/warpgatepasswordcredential_controller.go:175.2,182.54 2 2
github.com/thereisnotime/warpgate-operator/internal/controller/warpgatepasswordcredential_controller.go:182.54,184.3 1 0
github.com/thereisnotime/warpgate-operator/internal/controller/warpgatepasswordcredential_controller.go:186.2,186.56 1 2
github.com/thereisnotime/warpgate-operator/internal/controller/warpgatepasswordcredential_controller.go:190.89,195.2 1 0
github.com/thereisnotime/warpgate-operator/internal/controller/warpgatepublickeycredential_controller.go:50.119,55.62 3 12
github.com/thereisnotime/warpgate-operator/internal/controller/warpgatepublickeycredential_controller.go:55.62,57.3 1 1
github.com/thereisnotime/warpgate-operator/internal/controller/warpgatepublickeycredential_controller.go:60.2,61.16 2 11
github.com/thereisnotime/warpgate-operator/internal/controller/warpgatepublickeycredential_controller.go:61.16,72.3 4 0
github.com/thereisnotime/warpgate-operator/internal/controller/warpgatepublickeycredential_controller.go:75.2,75.38 1 11
github.com/thereisnotime/warpgate-operator/internal/controller/warpgatepublickeycredential_controller.go:75.38,76.76 1 1
github.com/thereisnotime/warpgate-operator/internal/controller/warpgatepublickeycredential_controller.go:76.76,77.66 1 1
github.com/thereisnotime/warpgate-operator/internal/controller/warpgatepublickeycredential_controller.go:77.66,78.137 1 1
github.com/thereisnotime/warpgate-operator/internal/controller/warpgatepublickeycredential_controller.go:78.137,81.6 2 0
github.com/thereisnotime/warpgate-operator/internal/controller/warpgatepublickeycredential_controller.go:82.5,82.100 1 1
github.com/thereisnotime/warpgate-operator/internal/controller/warpgatepublickeycredential_controller.go:84.4,85.47 2 1
github.com/thereisnotime/warpgate-operator/internal/controller/warpgatepublickeycredential_controller.go:85.47,87.5 1 0
github.com/thereisnotime/warpgate-operator/internal/controller/warpgatepublickeycredential_controller.go:89.3,89.28 1 1
github.com/thereisnotime/warpgate-operator/internal/controller/warpgatepublickeycredential_controller.go:93.2,93.76 1 10
github.com/thereisnotime/warpgate-operator/internal/controller/warpgatepublickeycredential_controller.go:93.76,95.46 2 7
github.com/thereisnotime/warpgate-operator/internal/controller/warpgatepublickeycredential_controller.go:95.46,97.4 1 0
github.com/thereisnotime/warpgate-operator/internal/controller/warpgatepublickeycredential_controller.go:101.2,102.16 2 10
github.com/thereisnotime/warpgate-operator/internal/controller/warpgatepublickeycredential_controller.go:102.16,113.3 4 1
github.com/thereisnotime/warpgate-operator/internal/controller/warpgatepublickeycredential_controller.go:114.2,121.36 3 9
github.com/thereisnotime/warpgate-operator/internal/controller/warpgatepublickeycredential_controller.go:121.36,124.17 2 6
github.com/thereisnotime/warpgate-operator/internal/controller/warpgatepublickeycredential_controller.go:124.17,135.4 4 1
github.com/thereisnotime/warpgate-operator/internal/controller/warpgatepublickeycredential_controller.go:136.3,137.84 2 5
github.com/thereisnotime/warpgate-operator/internal/controller/warpgatepublickeycredential_controller.go:138.8,140.111 1 3
github.com/thereisnotime/warpgate-operator/internal/controller/warpgatepublickeycredential_controller.go:140.111,141.32 1 2
github.com/thereisnotime/warpgate-operator/internal/controller/warpgatepublickeycredential_controller.go:141.32,153.5 5 1
github.com/thereisnotime/warpgate-operator/internal/controller/warpgatepublickeycredential_controller.go:154.4,163.29 4 1
github.com/thereisnotime/warpgate-operator/internal/controller/warpgatepublickeycredential_controller.go:165.3,165.98 1 1
github.com/thereisnotime/warpgate-operator/internal/controller/warpgatepublickeycredential_controller.go:169.2,176.54 2 6
github.com/thereisnotime/warpgate-operator/internal/controller/warpgatepublickeycredential_controller.go:176.54,178.3 1 0
github.com/thereisnotime/warpgate-operator/internal/controller/warpgatepublickeycredential_controller.go:180.2,180.56 1 6
github.com/thereisnotime/warpgate-operator/internal/controller/warpgatepublickeycredential_controller.go:184.90,189.2 1 0
github.com/thereisnotime/warpgate-operator/internal/controller/warpgaterole_controller.go:50.104,55.62 3 11
github.com/thereisnotime/warpgate-operator/internal/controller/warpgaterole_controller.go:55.62,57.3 1 0
github.com/thereisnotime/warpgate-operator/internal/controller/warpgaterole_controller.go:60.2,61.16 2 11
github.com/thereisnotime/warpgate-operator/internal/controller/warpgaterole_controller.go:61.16,72.3 4 1
github.com/thereisnotime/warpgate-operator/internal/controller/warpgaterole_controller.go:75.2,75.38 1 10
github.com/thereisnotime/warpgate-operator/internal/controller/warpgaterole_controller.go:75.38,76.61 1 1
github.com/thereisnotime/warpgate-operator/internal/controller/warpgaterole_controller.go:76.61,77.36 1 1
github.com/thereisnotime/warpgate-operator/internal/controller/warpgaterole_controller.go:77.36,78.100 1 1
github.com/thereisnotime/warpgate-operator/internal/controller/warpgaterole_controller.go:78.100,81.6 2 0
github.com/thereisnotime/warpgate-operator/internal/controller/warpgaterole_controller.go:82.5,82.79 1 1
github.com/thereisnotime/warpgate-operator/internal/controller/warpgaterole_controller.go:84.4,85.47 2 1
github.com/thereisnotime/warpgate-operator/internal/controller/warpgaterole_controller.go:85.47,87.5 1 0
github.com/thereisnotime/warpgate-operator/internal/controller/warpgaterole_controller.go:89.3,89.28 1 1
github.com/thereisnotime/warpgate-operator/internal/controller/warpgaterole_controller.go:93.2,93.61 1 9
github.com/thereisnotime/warpgate-operator/internal/controller/warpgaterole_controller.go:93.61,95.46 2 6
github.com/thereisnotime/warpgate-operator/internal/controller/warpgaterole_controller.go:95.46,97.4 1 0
github.com/thereisnotime/warpgate-operator/internal/controller/warpgaterole_controller.go:100.2,105.34 2 9
github.com/thereisnotime/warpgate-operator/internal/controller/warpgaterole_controller.go:105.34,108.17 2 6
github.com/thereisnotime/warpgate-operator/internal/controller/warpgaterole_controller.go:108.17,119.4 4 1
github.com/thereisnotime/warpgate-operator/internal/controller/warpgaterole_controller.go:120.3,121.65 2 5
github.com/thereisnotime/warpgate-operator/internal/controller/warpgaterole_controller.go:122.8,124.81 1 3
github.com/thereisnotime/warpgate-operator/internal/controller/warpgaterole_controller.go:124.81,125.32 1 2
github.com/thereisnotime/warpgate-operator/internal/controller/warpgaterole_controller.go:125.32,137.5 5 1
github.com/thereisnotime/warpgate-operator/internal/controller/warpgaterole_controller.go:138.4,147.29 4 1
github.com/thereisnotime/warpgate-operator/internal/controller/warpgaterole_controller.go:149.3,149.77 1 1
github.com/thereisnotime/warpgate-operator/internal/controller/warpgaterole_controller.go:153.2,160.54 2 6
github.com/thereisnotime/warpgate-operator/internal/controller/warpgaterole_controller.go:160.54,162.3 1 0
github.com/thereisnotime/warpgate-operator/internal/controller/warpgaterole_controller.go:164.2,164.56 1 6
github.com/thereisnotime/warpgate-operator/internal/controller/warpgaterole_controller.go:168.75,173.2 1 0
github.com/thereisnotime/warpgate-operator/internal/controller/warpgatetarget_controller.go:56.106,61.64 3 16
github.com/thereisnotime/warpgate-operator/internal/controller/warpgatetarget_controller.go:61.64,63.3 1 0
github.com/thereisnotime/warpgate-operator/internal/controller/warpgatetarget_controller.go:66.2,67.16 2 16
github.com/thereisnotime/warpgate-operator/internal/controller/warpgatetarget_controller.go:67.16,70.69 3 1
github.com/thereisnotime/warpgate-operator/internal/controller/warpgatetarget_controller.go:70.69,72.4 1 0
github.com/thereisnotime/warpgate-operator/internal/controller/warpgatetarget_controller.go:73.3,73.60 1 1
github.com/thereisnotime/warpgate-operator/internal/controller/warpgatetarget_controller.go:77.2,77.40 1 15
github.com/thereisnotime/warpgate-operator/internal/controller/warpgatetarget_controller.go:77.40,78.69 1 1
github.com/thereisnotime/warpgate-operator/internal/controller/warpgatetarget_controller.go:78.69,79.38 1 1
github.com/thereisnotime/warpgate-operator/internal/controller/warpgatetarget_controller.go:79.38,80.104 1 1
github.com/thereisnotime/warpgate-operator/internal/controller/warpgatetarget_controller.go:80.104,83.6 2 0
github.com/thereisnotime/warpgate-operator/internal/controller/warpgatetarget_controller.go:85.4,86.49 2 1
github.com/thereisnotime/warpgate-operator/internal/controller/warpgatetarget_controller.go:86.49,88.5 1 0
github.com/thereisnotime/warpgate-operator/internal/controller/warpgatetarget_controller.go:90.3,90.28 1 1
github.com/thereisnotime/warpgate-operator/internal/controller/warpgatetarget_controller.go:94.2,94.69 1 14
github.com/thereisnotime/warpgate-operator/internal/controller/warpgatetarget_controller.go:94.69,96.48 2 11
github.com/thereisnotime/warpgate-operator/internal/controller/warpgatetarget_controller.go:96.48,98.4 1 0
github.com/thereisnotime/warpgate-operator/internal/controller/warpgatetarget_controller.go:102.2,103.16 2 14
github.com/thereisnotime/warpgate-operator/internal/controller/warpgatetarget_controller.go:103.16,106.69 3 1
github.com/thereisnotime/warpgate-operator/internal/controller/warpgatetarget_controller.go:106.69,108.4 1 0
github.com/thereisnotime/warpgate-operator/internal/controller/warpgatetarget_controller.go:109.3,109.60 1 1
github.com/thereisnotime/warpgate-operator/internal/controller/warpgatetarget_controller.go:113.2,113.36 1 13
github.com/thereisnotime/warpgate-operator/internal/controller/warpgatetarget_controller.go:113.36,116.17 2 10
github.com/thereisnotime/warpgate-operator/internal/controller/warpgatetarget_controller.go:116.17,119.70 3 1
github.com/thereisnotime/warpgate-operator/internal/controller/warpgatetarget_controller.go:119.70,121.5 1 0
github.com/thereisnotime/warpgate-operator/internal/controller/warpgatetarget_controller.go:122.4,122.61 1 1
github.com/thereisnotime/warpgate-operator/internal/controller/warpgatetarget_controller.go:124.3,124.40 1 9
github.com/thereisnotime/warpgate-operator/internal/controller/warpgatetarget_controller.go:125.8,128.17 2 3
github.com/thereisnotime/warpgate-operator/internal/controller/warpgatetarget_controller.go:128.17,129.32 1 2
github.com/thereisnotime/warpgate-operator/internal/controller/warpgatetarget_controller.go:129.32,134.71 4 1
github.com/thereisnotime/warpgate-operator/internal/controller/warpgatetarget_controller.go:134.71,136.6 1 0
github.com/thereisnotime/warpgate-operator/internal/controller/warpgatetarget_controller.go:137.5,137.43 1 1
github.com/thereisnotime/warpgate-operator/internal/controller/warpgatetarget_controller.go:139.4,141.70 3 1
github.com/thereisnotime/warpgate-operator/internal/controller/warpgatetarget_controller.go:141.70,143.5 1 0
github.com/thereisnotime/warpgate-operator/internal/controller/warpgatetarget_controller.go:144.4,144.61 1 1
github.com/thereisnotime/warpgate-operator/internal/controller/warpgatetarget_controller.go:149.2,150.56 2 10
github.com/thereisnotime/warpgate-operator/internal/controller/warpgatetarget_controller.go:150.56,153.3 2 0
github.com/thereisnotime/warpgate-operator/internal/controller/warpgatetarget_controller.go:155.2,155.59 1 10
github.com/thereisnotime/warpgate-operator/internal/controller/warpgatetarget_controller.go:160.158,165.9 4 14
github.com/thereisnotime/warpgate-operator/internal/controller/warpgatetarget_controller.go:166.23,178.75 3 10
github.com/thereisnotime/warpgate-operator/internal/controller/warpgatetarget_controller.go:178.75,180.18 2 1
github.com/thereisnotime/warpgate-operator/internal/controller/warpgatetarget_controller.go:180.18,182.5 1 0
github.com/thereisnotime/warpgate-operator/internal/controller/warpgatetarget_controller.go:183.4,183.36 1 1
github.com/thereisnotime/warpgate-operator/internal/controller/warpgatetarget_controller.go:185.3,185.17 1 10
github.com/thereisnotime/warpgate-operator/internal/controller/warpgatetarget_controller.go:187.24,195.27 3 1
github.com/thereisnotime/warpgate-operator/internal/controller/warpgatetarget_controller.go:195.27,200.4 1 0
github.com/thereisnotime/warpgate-operator/internal/controller/warpgatetarget_controller.go:201.3,201.18 1 1
github.com/thereisnotime/warpgate-operator/internal/controller/warpgatetarget_controller.go:203.25,211.42 3 1
github.com/thereisnotime/warpgate-operator/internal/controller/warpgatetarget_controller.go:211.42,213.18 2 1
github.com/thereisnotime/warpgate-operator/internal/controller/warpgatetarget_controller.go:213.18,215.5 1 0
github.com/thereisnotime/warpgate-operator/internal/controller/warpgatetarget_controller.go:216.4,216.33 1 1
github.com/thereisnotime/warpgate-operator/internal/controller/warpgatetarget_controller.go:218.3,218.28 1 1
github.com/thereisnotime/warpgate-operator/internal/controller/warpgatetarget_controller.go:218.28,223.4 1 1
github.com/thereisnotime/warpgate-operator/internal/controller/warpgatetarget_controller.go:224.3,224.19 1 1
github.com/thereisnotime/warpgate-operator/internal/controller/warpgatetarget_controller.go:226.30,234.47 3 1
github.com/thereisnotime/warpgate-operator/internal/controller/warpgatetarget_controller.go:234.47,236.18 2 1
github.com/thereisnotime/warpgate-operator/internal/controller/warpgatetarget_controller.go:236.18,238.5 1 0
github.com/thereisnotime/warpgate-operator/internal/controller/warpgatetarget_controller.go:239.4,239.30 1 1
github.com/thereisnotime/warpgate-operator/internal/controller/warpgatetarget_controller.go:241.3,241.33 1 1
github.com/thereisnotime/warpgate-operator/internal/controller/warpgatetarget_controller.go:241.33,246.4 1 1
github.com/thereisnotime/warpgate-operator/internal/controller/warpgatetarget_controller.go:247.3,247.16 1 1
github.com/thereisnotime/warpgate-operator/internal/controller/warpgatetarget_controller.go:249.10,250.105 1 1
github.com/thereisnotime/warpgate-operator/internal/controller/warpgatetarget_controller.go:253.2,254.16 2 13
github.com/thereisnotime/warpgate-operator/internal/controller/warpgatetarget_controller.go:254.16,256.3 1 0
github.com/thereisnotime/warpgate-operator/internal/controller/warpgatetarget_controller.go:258.2,262.20 1 13
github.com/thereisnotime/warpgate-operator/internal/controller/warpgatetarget_controller.go:267.143,272.26 2 3
github.com/thereisnotime/warpgate-operator/internal/controller/warpgatetarget_controller.go:272.26,274.3 1 0
github.com/thereisnotime/warpgate-operator/internal/controller/warpgatetarget_controller.go:276.2,277.15 2 3
github.com/thereisnotime/warpgate-operator/internal/controller/warpgatetarget_controller.go:277.15,279.3 1 0
github.com/thereisnotime/warpgate-operator/internal/controller/warpgatetarget_controller.go:281.2,282.9 2 3
github.com/thereisnotime/warpgate-operator/internal/controller/warpgatetarget_controller.go:282.9,284.3 1 0
github.com/thereisnotime/warpgate-operator/internal/controller/warpgatetarget_controller.go:286.2,286.25 1 3
github.com/thereisnotime/warpgate-operator/internal/controller/warpgatetarget_controller.go:290.145,298.2 1 15
github.com/thereisnotime/warpgate-operator/internal/controller/warpgatetarget_controller.go:301.77,306.2 1 0
github.com/thereisnotime/warpgate-operator/internal/controller/warpgatetargetrole_controller.go:49.110,54.68 3 12
github.com/thereisnotime/warpgate-operator/internal/controller/warpgatetargetrole_controller.go:54.68,56.3 1 1
github.com/thereisnotime/warpgate-operator/internal/controller/warpgatetargetrole_controller.go:59.2,60.16 2 11
github.com/thereisnotime/warpgate-operator/internal/controller/warpgatetargetrole_controller.go:60.16,63.73 3 0
github.com/thereisnotime/warpgate-operator/internal/controller/warpgatetargetrole_controller.go:63.73,65.4 1 0
github.com/thereisnotime/warpgate-operator/internal/controller/warpgatetargetrole_controller.go:66.3,66.58 1 0
github.com/thereisnotime/warpgate-operator/internal/controller/warpgatetargetrole_controller.go:70.2,70.44 1 11
github.com/thereisnotime/warpgate-operator/internal/controller/warpgatetargetrole_controller.go:70.44,71.81 1 1
github.com/thereisnotime/warpgate-operator/internal/controller/warpgatetargetrole_controller.go:71.81,72.74 1 1
github.com/thereisnotime/warpgate-operator/internal/controller/warpgatetargetrole_controller.go:72.74,73.136 1 1
github.com/thereisnotime/warpgate-operator/internal/controller/warpgatetargetrole_controller.go:73.136,76.6 2 0
github.com/thereisnotime/warpgate-operator/internal/controller/warpgatetargetrole_controller.go:78.4,79.53 2 1
github.com/thereisnotime/warpgate-operator/internal/controller/warpgatetargetrole_controller.go:79.53,81.5 1 0
github.com/thereisnotime/warpgate-operator/internal/controller/warpgatetargetrole_controller.go:83.3,83.28 1 1
github.com/thereisnotime/warpgate-operator/internal/controller/warpgatetargetrole_controller.go:87.2,87.81 1 10
github.com/thereisnotime/warpgate-operator/internal/controller/warpgatetargetrole_controller.go:87.81,89.52 2 5
github.com/thereisnotime/warpgate-operator/internal/controller/warpgatetargetrole_controller.go:89.52,91.4 1 0
github.com/thereisnotime/warpgate-operator/internal/controller/warpgatetargetrole_controller.go:95.2,96.16 2 10
github.com/thereisnotime/warpgate-operator/internal/controller/warpgatetargetrole_controller.go:96.16,100.73 4 2
github.com/thereisnotime/warpgate-operator/internal/controller/warpgatetargetrole_controller.go:100.73,102.4 1 0
github.com/thereisnotime/warpgate-operator/internal/controller/warpgatetargetrole_controller.go:103.3,103.58 1 2
github.com/thereisnotime/warpgate-operator/internal/controller/warpgatetargetrole_controller.go:107.2,108.16 2 8
github.com/thereisnotime/warpgate-operator/internal/controller/warpgatetargetrole_controller.go:108.16,112.73 4 2
github.com/thereisnotime/warpgate-operator/internal/controller/warpgatetargetrole_controller.go:112.73,114.4 1 0
github.com/thereisnotime/warpgate-operator/internal/controller/warpgatetargetrole_controller.go:115.3,115.58 1 2
github.com/thereisnotime/warpgate-operator/internal/controller/warpgatetargetrole_controller.go:119.2,123.70 3 6
github.com/thereisnotime/warpgate-operator/internal/controller/warpgatetargetrole_controller.go:123.70,127.73 4 2
github.com/thereisnotime/warpgate-operator/internal/controller/warpgatetargetrole_controller.go:127.73,129.4 1 0
github.com/thereisnotime/warpgate-operator/internal/controller/warpgatetargetrole_controller.go:130.3,130.58 1 2
github.com/thereisnotime/warpgate-operator/internal/controller/warpgatetargetrole_controller.go:134.2,135.60 2 4
github.com/thereisnotime/warpgate-operator/internal/controller/warpgatetargetrole_controller.go:135.60,138.3 2 0
github.com/thereisnotime/warpgate-operator/internal/controller/warpgatetargetrole_controller.go:140.2,140.56 1 4
github.com/thereisnotime/warpgate-operator/internal/controller/warpgatetargetrole_controller.go:143.125,152.41 2 10
github.com/thereisnotime/warpgate-operator/internal/controller/warpgatetargetrole_controller.go:152.41,153.31 1 5
github.com/thereisnotime/warpgate-operator/internal/controller/warpgatetargetrole_controller.go:153.31,154.36 1 5
github.com/thereisnotime/warpgate-operator/internal/controller/warpgatetargetrole_controller.go:154.36,156.5 1 0
github.com/thereisnotime/warpgate-operator/internal/controller/warpgatetargetrole_controller.go:156.10,160.5 3 5
github.com/thereisnotime/warpgate-operator/internal/controller/warpgatetargetrole_controller.go:161.4,161.10 1 5
github.com/thereisnotime/warpgate-operator/internal/controller/warpgatetargetrole_controller.go:164.2,164.64 1 5
github.com/thereisnotime/warpgate-operator/internal/controller/warpgatetargetrole_controller.go:168.81,173.2 1 0
github.com/thereisnotime/warpgate-operator/internal/controller/warpgateticket_controller.go:53.106,58.64 3 5
github.com/thereisnotime/warpgate-operator/internal/controller/warpgateticket_controller.go:58.64,60.3 1 1
github.com/thereisnotime/warpgate-operator/internal/controller/warpgateticket_controller.go:63.2,64.16 2 4
github.com/thereisnotime/warpgate-operator/internal/controller/warpgateticket_controller.go:64.16,75.3 4 0
github.com/thereisnotime/warpgate-operator/internal/controller/warpgateticket_controller.go:78.2,78.40 1 4
github.com/thereisnotime/warpgate-operator/internal/controller/warpgateticket_controller.go:78.40,79.65 1 1
github.com/thereisnotime/warpgate-operator/internal/controller/warpgateticket_controller.go:79.65,80.36 1 1
github.com/thereisnotime/warpgate-operator/internal/controller/warpgateticket_controller.go:80.36,81.102 1 1
github.com/thereisnotime/warpgate-operator/internal/controller/warpgateticket_controller.go:81.102,84.6 2 0
github.com/thereisnotime/warpgate-operator/internal/controller/warpgateticket_controller.go:85.5,85.79 1 1
github.com/thereisnotime/warpgate-operator/internal/controller/warpgateticket_controller.go:88.4,88.37 1 1
github.com/thereisnotime/warpgate-operator/internal/controller/warpgateticket_controller.go:88.37,93.29 2 1
github.com/thereisnotime/warpgate-operator/internal/controller/warpgateticket_controller.go:93.29,94.78 1 1
github.com/thereisnotime/warpgate-operator/internal/controller/warpgateticket_controller.go:94.78,97.7 2 0
github.com/thereisnotime/warpgate-operator/internal/controller/warpgateticket_controller.go:98.6,98.74 1 1
github.com/thereisnotime/warpgate-operator/internal/controller/warpgateticket_controller.go:101.4,102.49 2 1
github.com/thereisnotime/warpgate-operator/internal/controller/warpgateticket_controller.go:102.49,104.5 1 0
github.com/thereisnotime/warpgate-operator/internal/controller/warpgateticket_controller.go:106.3,106.28 1 1
github.com/thereisnotime/warpgate-operator/internal/controller/warpgateticket_controller.go:110.2,110.65 1 3
github.com/thereisnotime/warpgate-operator/internal/controller/warpgateticket_controller.go:110.65,112.48 2 3
github.com/thereisnotime/warpgate-operator/internal/controller/warpgateticket_controller.go:112.48,114.4 1 0
github.com/thereisnotime/warpgate-operator/internal/controller/warpgateticket_controller.go:118.2,118.34 1 3
github.com/thereisnotime/warpgate-operator/internal/controller/warpgateticket_controller.go:118.34,127.17 3 3
github.com/thereisnotime/warpgate-operator/internal/controller/warpgateticket_controller.go:127.17,138.4 4 1
github.com/thereisnotime/warpgate-operator/internal/controller/warpgateticket_controller.go:139.3,153.80 5 2
github.com/thereisnotime/warpgate-operator/internal/controller/warpgateticket_controller.go:153.80,156.4 2 0
github.com/thereisnotime/warpgate-operator/internal/controller/warpgateticket_controller.go:157.3,157.47 1 2
github.com/thereisnotime/warpgate-operator/internal/controller/warpgateticket_controller.go:157.47,168.4 4 0
github.com/thereisnotime/warpgate-operator/internal/controller/warpgateticket_controller.go:169.3,170.58 2 2
github.com/thereisnotime/warpgate-operator/internal/controller/warpgateticket_controller.go:174.2,181.56 2 2
github.com/thereisnotime/warpgate-operator/internal/controller/warpgateticket_controller.go:181.56,183.3 1 0
github.com/thereisnotime/warpgate-operator/internal/controller/warpgateticket_controller.go:185.2,185.56 1 2
github.com/thereisnotime/warpgate-operator/internal/controller/warpgateticket_controller.go:189.77,194.2 1 0
github.com/thereisnotime/warpgate-operator/internal/controller/warpgateuser_controller.go:55.104,60.62 3 15
github.com/thereisnotime/warpgate-operator/internal/controller/warpgateuser_controller.go:60.62,62.3 1 0
github.com/thereisnotime/warpgate-operator/internal/controller/warpgateuser_controller.go:65.2,66.16 2 15
github.com/thereisnotime/warpgate-operator/internal/controller/warpgateuser_controller.go:66.16,77.3 4 1
github.com/thereisnotime/warpgate-operator/internal/controller/warpgateuser_controller.go:80.2,80.38 1 14
github.com/thereisnotime/warpgate-operator/internal/controller/warpgateuser_controller.go:80.38,81.61 1 1
github.com/thereisnotime/warpgate-operator/internal/controller/warpgateuser_controller.go:81.61,83.78 1 1
github.com/thereisnotime/warpgate-operator/internal/controller/warpgateuser_controller.go:83.78,84.148 1 1
github.com/thereisnotime/warpgate-operator/internal/controller/warpgateuser_controller.go:84.148,87.6 2 0
github.com/thereisnotime/warpgate-operator/internal/controller/warpgateuser_controller.go:90.4,90.43 1 1
github.com/thereisnotime/warpgate-operator/internal/controller/warpgateuser_controller.go:90.43,92.132 2 1
github.com/thereisnotime/warpgate-operator/internal/controller/warpgateuser_controller.go:92.132,93.80 1 1
github.com/thereisnotime/warpgate-operator/internal/controller/warpgateuser_controller.go:93.80,96.7 2 0
github.com/thereisnotime/warpgate-operator/internal/controller/warpgateuser_controller.go:99.4,99.36 1 1
github.com/thereisnotime/warpgate-operator/internal/controller/warpgateuser_controller.go:99.36,100.100 1 1
github.com/thereisnotime/warpgate-operator/internal/controller/warpgateuser_controller.go:100.100,103.6 2 0
github.com/thereisnotime/warpgate-operator/internal/controller/warpgateuser_controller.go:104.5,104.79 1 1
github.com/thereisnotime/warpgate-operator/internal/controller/warpgateuser_controller.go:106.4,107.47 2 1
github.com/thereisnotime/warpgate-operator/internal/controller/warpgateuser_controller.go:107.47,109.5 1 0
github.com/thereisnotime/warpgate-operator/internal/controller/warpgateuser_controller.go:111.3,111.28 1 1
github.com/thereisnotime/warpgate-operator/internal/controller/warpgateuser_controller.go:115.2,115.61 1 13
github.com/thereisnotime/warpgate-operator/internal/controller/warpgateuser_controller.go:115.61,117.46 2 10
github.com/thereisnotime/warpgate-operator/internal/controller/warpgateuser_controller.go:117.46,119.4 1 0
github.com/thereisnotime/warpgate-operator/internal/controller/warpgateuser_controller.go:122.2,122.34 1 13
github.com/thereisnotime/warpgate-operator/internal/controller/warpgateuser_controller.go:122.34,129.17 3 10
github.com/thereisnotime/warpgate-operator/internal/controller/warpgateuser_controller.go:129.17,140.4 4 1
github.com/thereisnotime/warpgate-operator/internal/controller/warpgateuser_controller.go:141.3,142.65 2 9
github.com/thereisnotime/warpgate-operator/internal/controller/warpgateuser_controller.go:143.8,150.83 2 3
github.com/thereisnotime/warpgate-operator/internal/controller/warpgateuser_controller.go:150.83,151.32 1 2
github.com/thereisnotime/warpgate-operator/internal/controller/warpgateuser_controller.go:151.32,163.5 5 1
github.com/thereisnotime/warpgate-operator/internal/controller/warpgateuser_controller.go:164.4,173.29 4 1
github.com/thereisnotime/warpgate-operator/internal/controller/warpgateuser_controller.go:175.3,175.77 1 1
github.com/thereisnotime/warpgate-operator/internal/controller/warpgateuser_controller.go:179.2,179.70 1 10
github.com/thereisnotime/warpgate-operator/internal/controller/warpgateuser_controller.go:179.70,180.77 1 4
github.com/thereisnotime/warpgate-operator/internal/controller/warpgateuser_controller.go:180.77,181.75 1 4
github.com/thereisnotime/warpgate-operator/internal/controller/warpgateuser_controller.go:181.75,183.5 1 0
github.com/thereisnotime/warpgate-operator/internal/controller/warpgateuser_controller.go:188.2,195.54 2 10
github.com/thereisnotime/warpgate-operator/internal/controller/warpgateuser_controller.go:195.54,197.3 1 0
github.com/thereisnotime/warpgate-operator/internal/controller/warpgateuser_controller.go:199.2,199.56 1 10
github.com/thereisnotime/warpgate-operator/internal/controller/warpgateuser_controller.go:203.105,204.17 1 3
github.com/thereisnotime/warpgate-operator/internal/controller/warpgateuser_controller.go:204.17,206.3 1 2
github.com/thereisnotime/warpgate-operator/internal/controller/warpgateuser_controller.go:207.2,212.3 1 1
github.com/thereisnotime/warpgate-operator/internal/controller/warpgateuser_controller.go:217.150,221.37 3 4
github.com/thereisnotime/warpgate-operator/internal/controller/warpgateuser_controller.go:221.37,223.3 1 4
github.com/thereisnotime/warpgate-operator/internal/controller/warpgateuser_controller.go:224.2,225.16 2 4
github.com/thereisnotime/warpgate-operator/internal/controller/warpgateuser_controller.go:225.16,228.3 2 0
github.com/thereisnotime/warpgate-operator/internal/controller/warpgateuser_controller.go:230.2,231.16 2 4
github.com/thereisnotime/warpgate-operator/internal/controller/warpgateuser_controller.go:231.16,242.3 4 0
github.com/thereisnotime/warpgate-operator/internal/controller/warpgateuser_controller.go:245.2,262.76 3 4
github.com/thereisnotime/warpgate-operator/internal/controller/warpgateuser_controller.go:262.76,265.3 2 0
github.com/thereisnotime/warpgate-operator/internal/controller/warpgateuser_controller.go:266.2,266.46 1 4
github.com/thereisnotime/warpgate-operator/internal/controller/warpgateuser_controller.go:266.46,267.38 1 1
github.com/thereisnotime/warpgate-operator/internal/controller/warpgateuser_controller.go:267.38,270.4 2 0
github.com/thereisnotime/warpgate-operator/internal/controller/warpgateuser_controller.go:273.2,276.12 4 4
github.com/thereisnotime/warpgate-operator/internal/controller/warpgateuser_controller.go:280.57,282.42 2 4
github.com/thereisnotime/warpgate-operator/internal/controller/warpgateuser_controller.go:282.42,284.3 1 0
github.com/thereisnotime/warpgate-operator/internal/controller/warpgateuser_controller.go:285.2,285.64 1 4
github.com/thereisnotime/warpgate-operator/internal/controller/warpgateuser_controller.go:289.75,294.2 1 0
github.com/thereisnotime/warpgate-operator/internal/controller/warpgateuserrole_controller.go:49.108,54.66 3 12
github.com/thereisnotime/warpgate-operator/internal/controller/warpgateuserrole_controller.go:54.66,56.3 1 1
github.com/thereisnotime/warpgate-operator/internal/controller/warpgateuserrole_controller.go:59.2,60.16 2 11
github.com/thereisnotime/warpgate-operator/internal/controller/warpgateuserrole_controller.go:60.16,63.71 3 0
github.com/thereisnotime/warpgate-operator/internal/controller/warpgateuserrole_controller.go:63.71,65.4 1 0
github.com/thereisnotime/warpgate-operator/internal/controller/warpgateuserrole_controller.go:66.3,66.58 1 0
github.com/thereisnotime/warpgate-operator/internal/controller/warpgateuserrole_controller.go:70.2,70.42 1 11
github.com/thereisnotime/warpgate-operator/internal/controller/warpgateuserrole_controller.go:70.42,71.77 1 1
github.com/thereisnotime/warpgate-operator/internal/controller/warpgateuserrole_controller.go:71.77,72.68 1 1
github.com/thereisnotime/warpgate-operator/internal/controller/warpgateuserrole_controller.go:72.68,73.128 1 1
github.com/thereisnotime/warpgate-operator/internal/controller/warpgateuserrole_controller.go:73.128,76.6 2 0
github.com/thereisnotime/warpgate-operator/internal/controller/warpgateuserrole_controller.go:78.4,79.51 2 1
github.com/thereisnotime/warpgate-operator/internal/controller/warpgateuserrole_controller.go:79.51,81.5 1 0
github.com/thereisnotime/warpgate-operator/internal/controller/warpgateuserrole_controller.go:83.3,83.28 1 1
github.com/thereisnotime/warpgate-operator/internal/controller/warpgateuserrole_controller.go:87.2,87.77 1 10
github.com/thereisnotime/warpgate-operator/internal/controller/warpgateuserrole_controller.go:87.77,89.50 2 5
github.com/thereisnotime/warpgate-operator/internal/controller/warpgateuserrole_controller.go:89.50,91.4 1 0
github.com/thereisnotime/warpgate-operator/internal/controller/warpgateuserrole_controller.go:95.2,96.16 2 10
github.com/thereisnotime/warpgate-operator/internal/controller/warpgateuserrole_controller.go:96.16,100.71 4 2
github.com/thereisnotime/warpgate-operator/internal/controller/warpgateuserrole_controller.go:100.71,102.4 1 0
github.com/thereisnotime/warpgate-operator/internal/controller/warpgateuserrole_controller.go:103.3,103.58 1 2
github.com/thereisnotime/warpgate-operator/internal/controller/warpgateuserrole_controller.go:107.2,108.16 2 8
github.com/thereisnotime/warpgate-operator/internal/controller/warpgateuserrole_controller.go:108.16,112.71 4 2
github.com/thereisnotime/warpgate-operator/internal/controller/warpgateuserrole_controller.go:112.71,114.4 1 0
github.com/thereisnotime/warpgate-operator/internal/controller/warpgateuserrole_controller.go:115.3,115.58 1 2
github.com/thereisnotime/warpgate-operator/internal/controller/warpgateuserrole_controller.go:119.2,123.66 3 6
github.com/thereisnotime/warpgate-operator/internal/controller/warpgateuserrole_controller.go:123.66,127.71 4 2
github.com/thereisnotime/warpgate-operator/internal/controller/warpgateuserrole_controller.go:127.71,129.4 1 0
github.com/thereisnotime/warpgate-operator/internal/controller/warpgateuserrole_controller.go:130.3,130.58 1 2
github.com/thereisnotime/warpgate-operator/internal/controller/warpgateuserrole_controller.go:134.2,135.58 2 4
github.com/thereisnotime/warpgate-operator/internal/controller/warpgateuserrole_controller.go:135.58,138.3 2 0
github.com/thereisnotime/warpgate-operator/internal/controller/warpgateuserrole_controller.go:140.2,140.56 1 4
github.com/thereisnotime/warpgate-operator/internal/controller/warpgateuserrole_controller.go:143.121,152.41 2 10
github.com/thereisnotime/warpgate-operator/internal/controller/warpgateuserrole_controller.go:152.41,153.31 1 5
github.com/thereisnotime/warpgate-operator/internal/controller/warpgateuserrole_controller.go:153.31,154.36 1 5
github.com/thereisnotime/warpgate-operator/internal/controller/warpgateuserrole_controller.go:154.36,156.5 1 0
github.com/thereisnotime/warpgate-operator/internal/controller/warpgateuserrole_controller.go:156.10,160.5 3 5
github.com/thereisnotime/warpgate-operator/internal/controller/warpgateuserrole_controller.go:161.4,161.10 1 5
github.com/thereisnotime/warpgate-operator/internal/controller/warpgateuserrole_controller.go:164.2,164.64 1 5
github.com/thereisnotime/warpgate-operator/internal/controller/warpgateuserrole_controller.go:168.79,173.2 1 0
